  TestWrapper.cpp
C:\Program Files (x86)\Windows Kits\8.1\Include\um\Parser.h(60): error C3646: 'm_cCurToken': unknown override specifier
C:\Program Files (x86)\Windows Kits\8.1\Include\um\Parser.h(60): error C2143: syntax error: missing ',' before '['
C:\Program Files (x86)\Windows Kits\8.1\Include\um\Parser.h(60): error C2143: syntax error: missing ')' before ';'
C:\Program Files (x86)\Windows Kits\8.1\Include\um\Parser.h(60): error C2238: unexpected token(s) preceding ';'
C:\Program Files (x86)\Windows Kits\8.1\Include\um\Parser.h(61): error C3646: 'm_cCurWord': unknown override specifier
C:\Program Files (x86)\Windows Kits\8.1\Include\um\Parser.h(61): error C2143: syntax error: missing ',' before '['
C:\Program Files (x86)\Windows Kits\8.1\Include\um\Parser.h(61): error C2143: syntax error: missing ')' before ';'
C:\Program Files (x86)\Windows Kits\8.1\Include\um\Parser.h(61): error C2238: unexpected token(s) preceding ';'
C:\Program Files (x86)\Windows Kits\8.1\Include\um\Parser.h(62): error C3646: 'm_cCurBuffer': unknown override specifier
C:\Program Files (x86)\Windows Kits\8.1\Include\um\Parser.h(62): error C2143: syntax error: missing ',' before '['
C:\Program Files (x86)\Windows Kits\8.1\Include\um\Parser.h(62): error C2143: syntax error: missing ')' before ';'
C:\Program Files (x86)\Windows Kits\8.1\Include\um\Parser.h(62): error C2238: unexpected token(s) preceding ';'
C:\Program Files (x86)\Windows Kits\8.1\Include\um\Parser.h(64): error C2143: syntax error: missing ';' before '*'
C:\Program Files (x86)\Windows Kits\8.1\Include\um\Parser.h(64): error C4430: missing type specifier - int assumed. Note: C++ does not support default-int
C:\Program Files (x86)\Windows Kits\8.1\Include\um\Parser.h(64): error C2238: unexpected token(s) preceding ';'
C:\Program Files (x86)\Windows Kits\8.1\Include\um\Parser.h(65): error C3646: 'm_dwError': unknown override specifier
C:\Program Files (x86)\Windows Kits\8.1\Include\um\Parser.h(65): error C4430: missing type specifier - int assumed. Note: C++ does not support default-int
C:\Program Files (x86)\Windows Kits\8.1\Include\um\Parser.h(68): error C3646: 'Read': unknown override specifier
C:\Program Files (x86)\Windows Kits\8.1\Include\um\Parser.h(68): error C2059: syntax error: '('
C:\Program Files (x86)\Windows Kits\8.1\Include\um\Parser.h(68): error C2238: unexpected token(s) preceding ';'
C:\Program Files (x86)\Windows Kits\8.1\Include\um\Parser.h(69): error C3646: 'SetError': unknown override specifier
C:\Program Files (x86)\Windows Kits\8.1\Include\um\Parser.h(69): error C2059: syntax error: '('
C:\Program Files (x86)\Windows Kits\8.1\Include\um\Parser.h(69): error C2334: unexpected token(s) preceding '{'; skipping apparent function body
C:\Program Files (x86)\Windows Kits\8.1\Include\um\Parser.h(83): error C2143: syntax error: missing ';' before '*'
C:\Program Files (x86)\Windows Kits\8.1\Include\um\Parser.h(83): error C4430: missing type specifier - int assumed. Note: C++ does not support default-int
C:\Program Files (x86)\Windows Kits\8.1\Include\um\Parser.h(83): error C2238: unexpected token(s) preceding ';'
C:\Program Files (x86)\Windows Kits\8.1\Include\um\Parser.h(84): error C2143: syntax error: missing ';' before '*'
C:\Program Files (x86)\Windows Kits\8.1\Include\um\Parser.h(84): error C4430: missing type specifier - int assumed. Note: C++ does not support default-int
C:\Program Files (x86)\Windows Kits\8.1\Include\um\Parser.h(84): error C2238: unexpected token(s) preceding ';'
C:\Program Files (x86)\Windows Kits\8.1\Include\um\Parser.h(86): error C3646: 'Start': unknown override specifier
C:\Program Files (x86)\Windows Kits\8.1\Include\um\Parser.h(86): error C2059: syntax error: '('
C:\Program Files (x86)\Windows Kits\8.1\Include\um\Parser.h(86): error C2238: unexpected token(s) preceding ';'
C:\Program Files (x86)\Windows Kits\8.1\Include\um\Parser.h(88): error C2143: syntax error: missing ';' before '*'
C:\Program Files (x86)\Windows Kits\8.1\Include\um\Parser.h(88): error C4430: missing type specifier - int assumed. Note: C++ does not support default-int
C:\Program Files (x86)\Windows Kits\8.1\Include\um\Parser.h(88): error C2238: unexpected token(s) preceding ';'
C:\Program Files (x86)\Windows Kits\8.1\Include\um\Parser.h(89): error C3646: 'GetError': unknown override specifier
C:\Program Files (x86)\Windows Kits\8.1\Include\um\Parser.h(89): error C2059: syntax error: '('
C:\Program Files (x86)\Windows Kits\8.1\Include\um\Parser.h(89): error C2334: unexpected token(s) preceding '{'; skipping apparent function body
C:\Program Files (x86)\Windows Kits\8.1\Include\um\Parser.h(74): error C2065: 'm_cCurBuffer': undeclared identifier
C:\Program Files (x86)\Windows Kits\8.1\Include\um\Parser.h(75): error C2065: 'm_pCurrentIndex': undeclared identifier
C:\Program Files (x86)\Windows Kits\8.1\Include\um\Parser.h(76): error C2065: 'm_dwError': undeclared identifier
C:\Program Files (x86)\Windows Kits\8.1\Include\um\Parser.h(94): error C2143: syntax error: missing ';' before '*'
C:\Program Files (x86)\Windows Kits\8.1\Include\um\Parser.h(94): error C4430: missing type specifier - int assumed. Note: C++ does not support default-int
C:\Program Files (x86)\Windows Kits\8.1\Include\um\Parser.h(94): error C2238: unexpected token(s) preceding ';'
C:\Program Files (x86)\Windows Kits\8.1\Include\um\Parser.h(109): error C3646: 'AddTail': unknown override specifier
C:\Program Files (x86)\Windows Kits\8.1\Include\um\Parser.h(109): error C2059: syntax error: '('
C:\Program Files (x86)\Windows Kits\8.1\Include\um\Parser.h(109): error C2238: unexpected token(s) preceding ';'
C:\Program Files (x86)\Windows Kits\8.1\Include\um\Parser.h(110): error C3646: 'GetTail': unknown override specifier
C:\Program Files (x86)\Windows Kits\8.1\Include\um\Parser.h(110): error C2059: syntax error: '('
C:\Program Files (x86)\Windows Kits\8.1\Include\um\Parser.h(110): error C2238: unexpected token(s) preceding ';'
TestWrapper.cpp(11): warning C4356: 'AbstractWrapper::GlobalStop': static data member cannot be initialized via derived class
TestWrapper.cpp(21): error C3861: 'Parse': identifier not found
