  TestWrapper.cpp
c:\cs3201\autotester-aug15-vs2015\autotester\testwrapper.cpp(11): warning C4356: 'AbstractWrapper::GlobalStop': static data member cannot be initialized via derived class
TestWrapper.obj : error LNK2019: unresolved external symbol "int __cdecl Parse(void)" (?Parse@@YAHXZ) referenced in function "public: virtual void __cdecl TestWrapper::parse(class std::basic_string<char,struct std::char_traits<char>,class std::allocator<char> >)" (?parse@TestWrapper@@UEAAXV?$basic_string@DU?$char_traits@D@std@@V?$allocator@D@2@@std@@@Z)
LIBCMTD.lib(exe_main.obj) : error LNK2019: unresolved external symbol main referenced in function "int __cdecl invoke_main(void)" (?invoke_main@@YAHXZ)
C:\CS3201\AutoTester-Aug15-VS2015\AutoTester\x64\Debug\AutoTesterInUse.exe : fatal error LNK1120: 2 unresolved externals
